#
# A fatal error has been detected by the Java Runtime Environment:
#
#  Internal Error (javaClasses.cpp:124), pid=2944, tid=1428
#  fatal error: Invalid layout of preloaded class
#
# JRE version:  (8.0_11-b12) (build )
# Java VM: Java HotSpot(TM) 64-Bit Server VM (25.11-b03 mixed mode windows-amd64 compressed oops)
# Failed to write core dump. Minidumps are not enabled by default on client versions of Windows
#
# If you would like to submit a bug report, please visit:
#   http://bugreport.sun.com/bugreport/crash.jsp
#

---------------  T H R E A D  ---------------

Current thread (0x0000000001efe000):  JavaThread "Unknown thread" [_thread_in_vm, id=1428, stack(0x0000000002080000,0x0000000002180000)]

Stack: [0x0000000002080000,0x0000000002180000]
Native frames: (J=compiled Java code, j=interpreted, Vv=VM code, C=native code)
V  [jvm.dll+0x308eca]
V  [jvm.dll+0x25e121]
V  [jvm.dll+0x25ed33]
V  [jvm.dll+0x256686]
V  [jvm.dll+0x5d4cc]
V  [jvm.dll+0x5d5c3]
V  [jvm.dll+0x71efa]
V  [jvm.dll+0x72258]
V  [jvm.dll+0xe1927]
V  [jvm.dll+0xe1cb6]
V  [jvm.dll+0x1f1407]
V  [jvm.dll+0x2229b4]
V  [jvm.dll+0x14a151]
C  [javaw.exe+0x208a]
C  [javaw.exe+0xc9fb]
C  [javaw.exe+0xca8f]
C  [kernel32.dll+0x159ed]
C  [ntdll.dll+0x2c541]


---------------  P R O C E S S  ---------------

Java Threads: ( => current thread )

Other Threads:

=>0x0000000001efe000 (exited) JavaThread "Unknown thread" [_thread_in_vm, id=1428, stack(0x0000000002080000,0x0000000002180000)]

VM state:not at safepoint (not fully initialized)

VM Mutex/Monitor currently owned by a thread: None

GC Heap History (0 events):
No events

Deoptimization events (0 events):
No events

Internal exceptions (0 events):
No events

Events (10 events):
Event: 0.014 loading class java/lang/CharSequence done
Event: 0.014 loading class java/lang/String done
Event: 0.014 loading class java/lang/Class
Event: 0.014 loading class java/lang/reflect/AnnotatedElement
Event: 0.014 loading class java/lang/reflect/AnnotatedElement done
Event: 0.014 loading class java/lang/reflect/GenericDeclaration
Event: 0.014 loading class java/lang/reflect/GenericDeclaration done
Event: 0.014 loading class java/lang/reflect/Type
Event: 0.014 loading class java/lang/reflect/Type done
Event: 0.014 loading class java/lang/Class done


Dynamic libraries:
0x000000013f480000 - 0x000000013f4b4000 	C:\Program Files\Java\jre8\bin\javaw.exe
0x0000000077860000 - 0x0000000077a09000 	C:\Windows\SYSTEM32\ntdll.dll
0x0000000077640000 - 0x000000007775f000 	C:\Windows\system32\kernel32.dll
0x000007fefc670000 - 0x000007fefc6dc000 	C:\Windows\system32\KERNELBASE.dll
0x000007fefe340000 - 0x000007fefe41b000 	C:\Windows\system32\ADVAPI32.dll
0x000007fefe050000 - 0x000007fefe0ef000 	C:\Windows\system32\msvcrt.dll
0x000007fefeb00000 - 0x000007fefeb1f000 	C:\Windows\SYSTEM32\sechost.dll
0x000007fefe630000 - 0x000007fefe75d000 	C:\Windows\system32\RPCRT4.dll
0x0000000077760000 - 0x000000007785a000 	C:\Windows\system32\USER32.dll
0x000007fefdee0000 - 0x000007fefdf47000 	C:\Windows\system32\GDI32.dll
0x000007fefcdb0000 - 0x000007fefcdbe000 	C:\Windows\system32\LPK.dll
0x000007fefcaa0000 - 0x000007fefcb69000 	C:\Windows\system32\USP10.dll
0x000007fefc160000 - 0x000007fefc354000 	C:\Windows\WinSxS\amd64_microsoft.windows.common-controls_6595b64144ccf1df_6.0.7601.17514_none_fa396087175ac9ac\COMCTL32.dll
0x000007fefcb70000 - 0x000007fefcbe1000 	C:\Windows\system32\SHLWAPI.dll
0x000007fefcd80000 - 0x000007fefcdae000 	C:\Windows\system32\IMM32.DLL
0x000007fefc990000 - 0x000007fefca99000 	C:\Windows\system32\MSCTF.dll
0x000000006b7d0000 - 0x000000006b8a2000 	C:\Program Files\Java\jre8\bin\msvcr100.dll
0x0000000058870000 - 0x000000005909a000 	C:\Program Files\Java\jre8\bin\server\jvm.dll
0x000007fef46c0000 - 0x000007fef46c9000 	C:\Windows\system32\WSOCK32.dll
0x000007fefe940000 - 0x000007fefe98d000 	C:\Windows\system32\WS2_32.dll
0x000007fefe990000 - 0x000007fefe998000 	C:\Windows\system32\NSI.dll
0x000007fefa3c0000 - 0x000007fefa3fb000 	C:\Windows\system32\WINMM.dll
0x0000000077a30000 - 0x0000000077a37000 	C:\Windows\system32\PSAPI.DLL
0x0000000075030000 - 0x000000007503f000 	C:\Program Files\Java\jre8\bin\verify.dll
0x00000000701d0000 - 0x00000000701f8000 	C:\Program Files\Java\jre8\bin\java.dll
0x0000000075010000 - 0x0000000075026000 	C:\Program Files\Java\jre8\bin\zip.dll
0x000007fefaee0000 - 0x000007fefb005000 	C:\Windows\system32\dbghelp.dll

VM Arguments:
jvm_args: -Dfile.encoding=Cp1252 -Xbootclasspath:C:\Users\James\Documents\College Work\adt-bundle-windows-x86_64-20140702\sdk\platforms\android-18\android.jar 
java_command: org.eclipse.jdt.internal.junit.runner.RemoteTestRunner -version 3 -port 52557 -testLoaderClass org.eclipse.jdt.internal.junit4.runner.JUnit4TestLoader -loaderpluginname org.eclipse.jdt.junit4.runtime -test com.dcu.redmonj9.whichprep.test.PrepScrubberTest:testRemove
java_class_path (initial): C:\Users\James\Documents\GitHub\WhichPrep\libs\android-support-v4.jar;C:\Users\James\Documents\GitHub\WhichPrep\bin\classes;C:\Users\James\Documents\College Work\adt-bundle-windows-x86_64-20140702\eclipse\plugins\org.junit_4.10.0.v4_10_0_v20120426-0900\junit.jar;C:\Users\James\Documents\College Work\adt-bundle-windows-x86_64-20140702\eclipse\plugins\org.hamcrest.core_1.1.0.v20090501071000.jar;/C:/Users/James/Documents/College Work/adt-bundle-windows-x86_64-20140702/eclipse/configuration/org.eclipse.osgi/bundles/268/1/.cp/;/C:/Users/James/Documents/College Work/adt-bundle-windows-x86_64-20140702/eclipse/configuration/org.eclipse.osgi/bundles/186/1/.cp/
Launcher Type: SUN_STANDARD

Environment Variables:
JAVA_HOME=C:\Program Files\Java\jdk1.8.0_11
PATH=C:\Program Files\Broadcom\Broadcom 802.11 Network Adapter;;C:\Program Files (x86)\Intel\iCLS Client\;C:\Program Files\Intel\iCLS Client\;C:\Program Files\Common Files\Microsoft Shared\Windows Live;C:\Program Files (x86)\Common Files\Microsoft Shared\Windows Live;C:\Windows\system32;C:\Windows;C:\Windows\System32\Wbem;C:\Windows\System32\WindowsPowerShell\v1.0\;C:\Program Files (x86)\Windows Live\Shared;C:\Program Files (x86)\Intel\OpenCL SDK\2.0\bin\x86;C:\Program Files (x86)\Intel\OpenCL SDK\2.0\bin\x64;C:\Program Files\Intel\Intel(R) Management Engine Components\DAL;C:\Program Files\Intel\Intel(R) Management Engine Components\IPT;C:\Program Files (x86)\Intel\Intel(R) Management Engine Components\DAL;C:\Program Files (x86)\Intel\Intel(R) Management Engine Components\IPT;C:\Program Files\WIDCOMM\Bluetooth Software\;C:\Program Files\WIDCOMM\Bluetooth Software\syswow64
USERNAME=James
OS=Windows_NT
PROCESSOR_IDENTIFIER=Intel64 Family 6 Model 42 Stepping 7, GenuineIntel



---------------  S Y S T E M  ---------------

OS: Windows 7 , 64 bit Build 7601 Service Pack 1

CPU:total 4 (2 cores per cpu, 2 threads per core) family 6 model 42 stepping 7, cmov, cx8, fxsr, mmx, sse, sse2, sse3, ssse3, sse4.1, sse4.2, popcnt, avx, clmul, ht, tsc, tscinvbit

Memory: 4k page, physical 8221040k(4559000k free), swap 16440216k(11243696k free)

vm_info: Java HotSpot(TM) 64-Bit Server VM (25.11-b03) for windows-amd64 JRE (1.8.0_11-b12), built on Jun 16 2014 20:57:32 by "java_re" with MS VC++ 10.0 (VS2010)

time: Sun Nov 16 13:43:11 2014
elapsed time: 0 seconds

